<?xml version="1.0" encoding="UTF-8"?>
<!-- Generated by org.testng.reporters.JUnitXMLReporter -->
<testsuite ignored="2" hostname="EPPLWROW02C2" failures="0" tests="1" name="Surefire test" time="31.999" errors="0" timestamp="2023-04-17T21:05:20 MSK">
  <testcase classname="com.it_academy.test.onliner.ProductPagesTest" name="testSetGouLocation" time="23.431"/>
  <testcase classname="com.it_academy.test.onliner.ProductPagesTest" name="testIsHeadphonesProductTitleExists" time="0.0">
    <ignored/>
  </testcase> <!-- testIsHeadphonesProductTitleExists -->
  <testcase classname="com.it_academy.test.onliner.ProductPagesTest" name="testTakeScreenshotOfSpecificElement" time="0.0">
    <ignored/>
  </testcase> <!-- testTakeScreenshotOfSpecificElement -->
</testsuite> <!-- Surefire test -->
