<?xml version="1.0" encoding="UTF-8"?>
<!-- Generated by org.testng.reporters.JUnitXMLReporter -->
<testsuite ignored="3" hostname="EPPLWROW02C2" failures="0" tests="3" name="Surefire test" time="4.023" errors="0" timestamp="2023-04-13T20:55:42 MSK">
  <testcase classname="com.it_academy.test.ContactUsFormTest" name="testContactUsFormSubmitting" time="1.021"/>
  <testcase classname="com.it_academy.test.ContactUsPageTest" name="testContactUsBrowserTitle" time="0.194"/>
  <testcase classname="com.it_academy.test.OnlinerTest" name="testOnlinerBrowserTitle" time="0.0"/>
  <testcase classname="com.it_academy.test.BaseTest" name="@AfterSuite closeBrowser" time="0.0">
    <ignored/>
  </testcase> <!-- @AfterSuite closeBrowser -->
  <testcase classname="com.it_academy.test.BaseTest" name="@AfterSuite closeBrowser" time="0.0">
    <ignored/>
  </testcase> <!-- @AfterSuite closeBrowser -->
  <testcase classname="com.it_academy.test.BaseTest" name="@AfterSuite closeBrowser" time="0.0">
    <ignored/>
  </testcase> <!-- @AfterSuite closeBrowser -->
</testsuite> <!-- Surefire test -->
