<?xml version="1.0" encoding="UTF-8"?>
<testng-results ignored="2" total="3" passed="1" failed="0" skipped="0">
  <reporter-output>
  </reporter-output>
  <suite started-at="2023-04-17T21:04:48 MSK" name="Surefire suite" finished-at="2023-04-17T21:05:20 MSK" duration-ms="31999">
    <groups>
    </groups>
    <test started-at="2023-04-17T21:04:48 MSK" name="Surefire test" finished-at="2023-04-17T21:05:20 MSK" duration-ms="31999">
      <class name="com.it_academy.test.onliner.ProductPagesTest">
        <test-method is-config="true" signature="navigationToHomePage()[pri:0, instance:com.it_academy.test.onliner.ProductPagesTest@3f3c7bdb]" started-at="2023-04-17T21:04:48 MSK" name="navigationToHomePage" finished-at="2023-04-17T21:04:57 MSK" duration-ms="8509" status="PASS">
          <reporter-output>
          </reporter-output>
        </test-method> <!-- navigationToHomePage -->
        <test-method signature="testSetGouLocation()[pri:0, instance:com.it_academy.test.onliner.ProductPagesTest@3f3c7bdb]" started-at="2023-04-17T21:04:57 MSK" name="testSetGouLocation" finished-at="2023-04-17T21:05:20 MSK" duration-ms="23431" status="PASS">
          <reporter-output>
          </reporter-output>
        </test-method> <!-- testSetGouLocation -->
        <test-method is-config="true" signature="closeBrowser()[pri:0, instance:com.it_academy.test.onliner.ProductPagesTest@3f3c7bdb]" started-at="2023-04-17T21:05:20 MSK" name="closeBrowser" finished-at="2023-04-17T21:05:21 MSK" duration-ms="325" status="PASS">
          <reporter-output>
          </reporter-output>
        </test-method> <!-- closeBrowser -->
      </class> <!-- com.it_academy.test.onliner.ProductPagesTest -->
    </test> <!-- Surefire test -->
  </suite> <!-- Surefire suite -->
</testng-results>
