<?xml version="1.0" encoding="UTF-8"?>
<testsuite xmlns:xsi="http://www.w3.org/2001/XMLSchema-instance" xsi:noNamespaceSchemaLocation="https://maven.apache.org/surefire/maven-surefire-plugin/xsd/surefire-test-report.xsd" name="TestSuite" time="6.403" tests="3" errors="0" skipped="0" failures="0">
  <properties>
[...]
</properties>
  <testcase name="testContactUsFormSubmitting" classname="com.it_academy.test.ContactUsFormTest" time="1.024"/>
  <testcase name="testContactUsBrowserTitle" classname="com.it_academy.test.ContactUsPageTest" time="0.194"/>
  <testcase name="testOnlinerBrowserTitle" classname="com.it_academy.test.OnlinerTest" time="0"/>
</testsuite>